#! /usr/bin/vvp
:ivl_version "0.9.7 " "(v0_9_7)";
:vpi_time_precision + 0;
:vpi_module "system";
:vpi_module "v2005_math";
:vpi_module "va_math";
S_0x142dd70 .scope module, "fullAdder" "fullAdder" 2 21;
 .timescale 0 0;
L_0x143dde0 .functor OR 1, v0x143d530_0, v0x140b6c0_0, C4<0>, C4<0>;
v0x143d810_0 .net "carry", 0 0, L_0x143dde0; 1 drivers
v0x143d890_0 .net "i1carry", 0 0, v0x143d530_0; 1 drivers
v0x143d940_0 .net "i2carry", 0 0, v0x140b6c0_0; 1 drivers
v0x143d9f0_0 .net "isum", 0 0, v0x143d730_0; 1 drivers
v0x143daf0_0 .net "op1", 0 0, C4<z>; 0 drivers
v0x143db70_0 .net "op2", 0 0, C4<z>; 0 drivers
v0x143dc30_0 .net "op3", 0 0, C4<z>; 0 drivers
v0x143dce0_0 .net "sum", 0 0, v0x143d320_0; 1 drivers
S_0x143d3d0 .scope module, "inst1" "halfAdder" 2 28, 2 7, S_0x142dd70;
 .timescale 0 0;
v0x143d530_0 .var "carry", 0 0;
v0x143d5f0_0 .alias "op1", 0 0, v0x143daf0_0;
v0x143d690_0 .alias "op2", 0 0, v0x143db70_0;
v0x143d730_0 .var "sum", 0 0;
E_0x143d4c0 .event edge, v0x143d690_0, v0x143d5f0_0;
S_0x142de60 .scope module, "inst2" "halfAdder" 2 30, 2 7, S_0x142dd70;
 .timescale 0 0;
v0x140b6c0_0 .var "carry", 0 0;
v0x143d1e0_0 .alias "op1", 0 0, v0x143d9f0_0;
v0x143d280_0 .alias "op2", 0 0, v0x143dc30_0;
v0x143d320_0 .var "sum", 0 0;
E_0x13f9050 .event edge, v0x143d280_0, v0x143d1e0_0;
    .scope S_0x143d3d0;
T_0 ;
    %wait E_0x143d4c0;
    %load/v 8, v0x143d5f0_0, 1;
    %load/v 9, v0x143d690_0, 1;
    %xor 8, 9, 1;
    %set/v v0x143d730_0, 8, 1;
    %load/v 8, v0x143d5f0_0, 1;
    %load/v 9, v0x143d690_0, 1;
    %and 8, 9, 1;
    %set/v v0x143d530_0, 8, 1;
    %jmp T_0;
    .thread T_0, $push;
    .scope S_0x142de60;
T_1 ;
    %wait E_0x13f9050;
    %load/v 8, v0x143d1e0_0, 1;
    %load/v 9, v0x143d280_0, 1;
    %xor 8, 9, 1;
    %set/v v0x143d320_0, 8, 1;
    %load/v 8, v0x143d1e0_0, 1;
    %load/v 9, v0x143d280_0, 1;
    %and 8, 9, 1;
    %set/v v0x140b6c0_0, 8, 1;
    %jmp T_1;
    .thread T_1, $push;
# The file index is used to find the file name in the following table.
:file_names 3;
    "N/A";
    "<interactive>";
    "halfAdder.v";
